<?xml version="1.0" encoding="UTF-8"?>
<!-- Generated by org.testng.reporters.JUnitReportReporter -->
<testsuite hostname="TechAviator-PC" name="Scenario_Component.Scenario_Search" tests="1" failures="0" timestamp="17 Dec 2017 07:36:55 GMT" time="57.660" errors="0">
  <testcase name="TestInvalidSerch" time="57.660" classname="Scenario_Component.Scenario_Search"/>
</testsuite> <!-- Scenario_Component.Scenario_Search -->
